<?xml version="1.0" encoding="UTF-8"?>
<!-- Generated by org.testng.reporters.JUnitReportReporter -->
<testsuite hostname="LAPTOP-RO9OBKAQ" failures="0" tests="1" name="com.mindtree.pageobject.HoverEffect" time="25.632" errors="0" timestamp="18 Nov 2021 17:04:34 GMT">
  <testcase classname="com.mindtree.pageobject.HoverEffect" name="HoverEffect" time="25.632"/>
</testsuite> <!-- com.mindtree.pageobject.HoverEffect -->
