<?xml version="1.0" encoding="UTF-8"?>
<!-- Generated by org.testng.reporters.JUnitReportReporter -->
<testsuite hostname="LAPTOP-RO9OBKAQ" failures="0" tests="1" name="com.mindtree.pageobject.GiftCard" time="39.595" errors="0" timestamp="18 Nov 2021 17:04:34 GMT">
  <testcase classname="com.mindtree.pageobject.GiftCard" name="giftCard" time="39.595"/>
</testsuite> <!-- com.mindtree.pageobject.GiftCard -->
