<?xml version="1.0" encoding="UTF-8"?>
<!-- Generated by org.testng.reporters.JUnitReportReporter -->
<testsuite hostname="LAPTOP-RO9OBKAQ" failures="0" tests="1" name="com.mindtree.pageobject.SignInPage" time="21.391" errors="0" timestamp="18 Nov 2021 17:04:34 GMT">
  <testcase classname="com.mindtree.pageobject.SignInPage" name="SignIn" time="21.391"/>
</testsuite> <!-- com.mindtree.pageobject.SignInPage -->
