<?xml version="1.0" encoding="UTF-8"?>
<!-- Generated by org.testng.reporters.JUnitReportReporter -->
<testsuite hostname="LAPTOP-RO9OBKAQ" failures="0" tests="1" name="com.mindtree.pageobject.GiftCard" time="45.518" errors="0" timestamp="2021-11-18T17:00:06 IST" skipped="0">
  <testcase classname="com.mindtree.pageobject.GiftCard" name="giftCard" time="45.518"/>
  <system-out/>
</testsuite> <!-- com.mindtree.pageobject.GiftCard -->
