<?xml version="1.0" encoding="UTF-8"?>
<!-- Generated by org.testng.reporters.JUnitReportReporter -->
<testsuite hostname="LAPTOP-RO9OBKAQ" failures="0" tests="1" name="com.mindtree.pageobject.SignInPage" time="27.744" errors="0" timestamp="2021-11-26T11:05:39 IST" skipped="0">
  <testcase classname="com.mindtree.pageobject.SignInPage" name="SignIn" time="27.744"/>
  <system-out/>
</testsuite> <!-- com.mindtree.pageobject.SignInPage -->
