<?xml version="1.0" encoding="UTF-8"?>
<!-- Generated by org.testng.reporters.JUnitReportReporter -->
<testsuite hostname="DESKTOP-RG6CFTP" failures="0" tests="1" name="com.mindtree.runner.FooterWindows" time="36.144" errors="0" timestamp="2021-11-16T20:46:31 IST" skipped="0">
  <testcase classname="com.mindtree.runner.FooterWindows" name="windowtest" time="36.144"/>
  <system-out/>
</testsuite> <!-- com.mindtree.runner.FooterWindows -->
