<?xml version="1.0" encoding="UTF-8"?>
<!-- Generated by org.testng.reporters.JUnitReportReporter -->
<testsuite hostname="DESKTOP-RG6CFTP" failures="0" tests="1" name="co.mindtree.pageobject.HoverEffect" time="27.712" errors="0" timestamp="2021-11-16T17:11:13 IST" skipped="0">
  <testcase classname="co.mindtree.pageobject.HoverEffect" name="logintest" time="27.712"/>
  <system-out/>
</testsuite> <!-- co.mindtree.pageobject.HoverEffect -->
