<?xml version="1.0" encoding="UTF-8"?>
<!-- Generated by org.testng.reporters.JUnitReportReporter -->
<testsuite hostname="LAPTOP-RO9OBKAQ" failures="0" tests="1" name="com.mindtree.pageobject.AllOfPage" time="28.047" errors="0" timestamp="2021-11-18T13:17:48 IST" skipped="0">
  <testcase classname="com.mindtree.pageobject.AllOfPage" name="AllOfItM" time="28.047"/>
  <system-out/>
</testsuite> <!-- com.mindtree.pageobject.AllOfPage -->
