<?xml version="1.0" encoding="UTF-8"?>
<!-- Generated by org.testng.reporters.JUnitReportReporter -->
<testsuite hostname="DESKTOP-RG6CFTP" failures="0" tests="1" name="pageobject.Gifts" time="24.346" errors="0" timestamp="2021-11-16T10:52:40 IST" skipped="0">
  <testcase classname="pageobject.Gifts" name="GiftHover" time="24.346"/>
  <system-out/>
</testsuite> <!-- pageobject.Gifts -->
