<?xml version="1.0" encoding="UTF-8"?>
<!-- Generated by org.testng.reporters.JUnitReportReporter -->
<testsuite hostname="DESKTOP-RG6CFTP" failures="0" tests="1" name="co.mindtree.pageobject.AllOfPage" time="38.954" errors="0" timestamp="2021-11-16T17:05:51 IST" skipped="0">
  <testcase classname="co.mindtree.pageobject.AllOfPage" name="logintest" time="38.954"/>
  <system-out/>
</testsuite> <!-- co.mindtree.pageobject.AllOfPage -->
