<?xml version="1.0" encoding="UTF-8"?>
<!-- Generated by org.testng.reporters.JUnitReportReporter -->
<testsuite hostname="DESKTOP-RG6CFTP" failures="0" tests="1" name="co.mindtree.pageobject.LifeStylePage" time="34.209" errors="0" timestamp="2021-11-16T17:06:51 IST" skipped="0">
  <testcase classname="co.mindtree.pageobject.LifeStylePage" name="logintest" time="34.209"/>
  <system-out/>
</testsuite> <!-- co.mindtree.pageobject.LifeStylePage -->
