<?xml version="1.0" encoding="UTF-8"?>
<!-- Generated by org.testng.reporters.JUnitReportReporter -->
<testsuite hostname="LAPTOP-RO9OBKAQ" failures="0" tests="1" name="com.mindtree.pageobject.CorporatePage" time="26.671" errors="0" timestamp="2021-11-26T10:36:02 IST" skipped="0">
  <testcase classname="com.mindtree.pageobject.CorporatePage" name="CorporateGifts" time="26.671"/>
  <system-out/>
</testsuite> <!-- com.mindtree.pageobject.CorporatePage -->
