<?xml version="1.0" encoding="UTF-8"?>
<!-- Generated by org.testng.reporters.JUnitReportReporter -->
<testsuite hostname="DESKTOP-RG6CFTP" failures="0" tests="1" name="pageobject.HomePage" time="32.956" errors="0" timestamp="2021-11-16T13:04:26 IST" skipped="0">
  <testcase classname="pageobject.HomePage" name="logintest" time="32.956"/>
  <system-out/>
</testsuite> <!-- pageobject.HomePage -->
