<?xml version="1.0" encoding="UTF-8"?>
<!-- Generated by org.testng.reporters.JUnitReportReporter -->
<testsuite hostname="DESKTOP-RG6CFTP" failures="0" tests="1" name="co.mindtree.pageobject.PersonilizedGifts" time="22.231" errors="0" timestamp="2021-11-16T13:44:47 IST" skipped="0">
  <testcase classname="co.mindtree.pageobject.PersonilizedGifts" name="PersonalizedGift" time="22.231"/>
  <system-out/>
</testsuite> <!-- co.mindtree.pageobject.PersonilizedGifts -->
