<?xml version="1.0" encoding="UTF-8"?>
<!-- Generated by org.testng.reporters.JUnitReportReporter -->
<testsuite hostname="DESKTOP-RG6CFTP" failures="0" tests="1" name="co.mindtree.pageobject.CorporatePage" time="24.220" errors="0" timestamp="2021-11-16T16:49:03 IST" skipped="0">
  <testcase classname="co.mindtree.pageobject.CorporatePage" name="PersonalizedGift" time="24.220"/>
  <system-out/>
</testsuite> <!-- co.mindtree.pageobject.CorporatePage -->
