<?xml version="1.0" encoding="UTF-8"?>
<!-- Generated by org.testng.reporters.JUnitReportReporter -->
<testsuite hostname="LAPTOP-RO9OBKAQ" failures="0" tests="1" name="com.mindtree.pageobject.FooterWindows" time="31.765" errors="0" timestamp="2021-11-18T13:06:45 IST" skipped="0">
  <testcase classname="com.mindtree.pageobject.FooterWindows" name="windowtest" time="31.765"/>
  <system-out/>
</testsuite> <!-- com.mindtree.pageobject.FooterWindows -->
