<?xml version="1.0" encoding="UTF-8"?>
<!-- Generated by org.testng.reporters.JUnitReportReporter -->
<testsuite hostname="DESKTOP-RG6CFTP" failures="0" tests="1" name="pageobject.SearchPage" time="18.492" errors="0" timestamp="2021-11-16T11:31:43 IST" skipped="0">
  <testcase classname="pageobject.SearchPage" name="SearchBar" time="18.492"/>
  <system-out/>
</testsuite> <!-- pageobject.SearchPage -->
