<?xml version="1.0" encoding="UTF-8"?>
<!-- Generated by org.testng.reporters.JUnitReportReporter -->
<testsuite hostname="LAPTOP-RO9OBKAQ" failures="0" tests="1" name="com.mindtree.pageobject.Gifts" time="26.821" errors="0" timestamp="2021-11-26T10:36:02 IST" skipped="0">
  <testcase classname="com.mindtree.pageobject.Gifts" name="GiftHover" time="26.821"/>
  <system-out/>
</testsuite> <!-- com.mindtree.pageobject.Gifts -->
