<?xml version="1.0" encoding="UTF-8"?>
<!-- Generated by org.testng.reporters.JUnitReportReporter -->
<testsuite hostname="LAPTOP-RO9OBKAQ" failures="0" tests="1" name="com.mindtree.pageobject.LifeStylePage" time="27.246" errors="0" timestamp="2021-11-18T13:17:48 IST" skipped="0">
  <testcase classname="com.mindtree.pageobject.LifeStylePage" name="LifeStyle" time="27.246"/>
  <system-out/>
</testsuite> <!-- com.mindtree.pageobject.LifeStylePage -->
